# SPDX-FileCopyrightText: 2025 G. Mohammad <ghmuhammad324@gmail.com>
# SPDX-License-Identifier: Apache-2.0

# Sample logs for testing
EventID,TimeCreated,Computer,Provider,SubjectUserName,TargetUserName,IpAddress
4625,2025-08-08T03:00:00Z,Host01,Microsoft-Windows-Security-Auditing,SYSTEM,Admin,192.168.1.50
4625,2025-08-08T03:01:00Z,Host01,Microsoft-Windows-Security-Auditing,SYSTEM,Admin,192.168.1.50
4625,2025-08-08T03:02:00Z,Host01,Microsoft-Windows-Security-Auditing,SYSTEM,Admin,192.168.1.50
4625,2025-08-08T03:03:00Z,Host01,Microsoft-Windows-Security-Auditing,SYSTEM,Admin,192.168.1.50
4625,2025-08-08T03:04:00Z,Host01,Microsoft-Windows-Security-Auditing,SYSTEM,Admin,192.168.1.50
4720,2025-08-08T10:15:00Z,Host01,Microsoft-Windows-Security-Auditing,Admin,hacker1,
4672,2025-08-08T11:00:00Z,Host01,Microsoft-Windows-Security-Auditing,Admin,,
4624,2025-08-08T02:30:00Z,Host01,Microsoft-Windows-Security-Auditing,SYSTEM,midnight_user,192.168.1.80
